Using pre-set license
Built from '2020.3/release' branch; Version is '2020.3.2f1 (8fd9074bf66c) revision 9427207'; Using compiler version '192528614'; Build Type 'Release'
OS: 'Windows 10 Pro; OS build 19042.1237; Version 2009; 64bit' Language: 'ru' Physical Memory: 16299 MB
BatchMode: 1, IsHumanControllingUs: 0, StartBugReporterOnCrash: 0, Is64bit: 1, IsPro: 0

 COMMAND LINE ARGUMENTS:
C:\Program Files\Unity\Hub\Editor\2020.3.2f1\Editor\Unity.exe
-adb2
-batchMode
-noUpm
-name
AssetImportWorker0
-projectPath
C:/Users/lohka/Desktop/игра/DoIt/DoItToEscape
-logFile
Logs/AssetImportWorker0.log
-srvPort
60765
Successfully changed project path to: C:/Users/lohka/Desktop/игра/DoIt/DoItToEscape
C:/Users/lohka/Desktop/игра/DoIt/DoItToEscape
Using Asset Import Pipeline V2.
Refreshing native plugins compatible for Editor in 58.15 ms, found 3 plugins.
Preloading 0 native plugins for Editor in 0.00 ms.
Initialize engine version: 2020.3.2f1 (8fd9074bf66c)
[Subsystems] Discovering subsystems at path C:/Program Files/Unity/Hub/Editor/2020.3.2f1/Editor/Data/Resources/UnitySubsystems
[Subsystems] Discovering subsystems at path C:/Users/lohka/Desktop/игра/DoIt/DoItToEscape/Assets
GfxDevice: creating device client; threaded=0
Direct3D:
    Version:  Direct3D 11.0 [level 11.1]
    Renderer: NVIDIA GeForce RTX 2060 (ID=0x1f08)
    Vendor:   
    VRAM:     5980 MB
    Driver:   27.21.14.5730
Initialize mono
Mono path[0] = 'C:/Program Files/Unity/Hub/Editor/2020.3.2f1/Editor/Data/Managed'
Mono path[1] = 'C:/Program Files/Unity/Hub/Editor/2020.3.2f1/Editor/Data/MonoBleedingEdge/lib/mono/unityjit'
Mono config path = 'C:/Program Files/Unity/Hub/Editor/2020.3.2f1/Editor/Data/MonoBleedingEdge/etc'
Using monoOptions --debugger-agent=transport=dt_socket,embedding=1,server=y,suspend=n,address=127.0.0.1:56496
Begin MonoManager ReloadAssembly
Registering precompiled unity dll's ...
Register platform support module: C:/Program Files/Unity/Hub/Editor/2020.3.2f1/Editor/Data/PlaybackEngines/WebGLSupport/UnityEditor.WebGL.Extensions.dll
Register platform support module: C:/Program Files/Unity/Hub/Editor/2020.3.2f1/Editor/Data/PlaybackEngines/WindowsStandaloneSupport/UnityEditor.WindowsStandalone.Extensions.dll
Registered in 0.001649 seconds.
Native extension for WindowsStandalone target not found
Native extension for WebGL target not found
Refreshing native plugins compatible for Editor in 40.56 ms, found 3 plugins.
Preloading 0 native plugins for Editor in 0.00 ms.
Invoked RoslynAnalysisRunner static constructor.
RoslynAnalysisRunner will not be running.
RoslynAnalysisRunner has terminated.
Mono: successfully reloaded assembly
- Completed reload, in  1.638 seconds
Platform modules already initialized, skipping
Registering precompiled user dll's ...
Registered in 0.003172 seconds.
Begin MonoManager ReloadAssembly
Native extension for WindowsStandalone target not found
Native extension for WebGL target not found
Refreshing native plugins compatible for Editor in 34.18 ms, found 3 plugins.
Preloading 0 native plugins for Editor in 0.00 ms.
Invoked RoslynAnalysisRunner static constructor.
RoslynAnalysisRunner will not be running.
RoslynAnalysisRunner has terminated.
Mono: successfully reloaded assembly
- Completed reload, in  1.046 seconds
Platform modules already initialized, skipping
========================================================================
Worker process is ready to serve import requests
Launched and connected shader compiler UnityShaderCompiler.exe after 0.03 seconds
Refreshing native plugins compatible for Editor in 0.45 ms, found 3 plugins.
Preloading 0 native plugins for Editor in 0.00 ms.
Unloading 2083 Unused Serialized files (Serialized files now loaded: 0)
System memory in use before: 93.6 MB.
System memory in use after: 93.6 MB.

Unloading 33 unused Assets to reduce memory usage. Loaded Objects now: 2520.
Total: 3.301700 ms (FindLiveObjects: 0.499800 ms CreateObjectMapping: 0.280900 ms MarkObjects: 2.363700 ms  DeleteObjects: 0.155500 ms)

========================================================================
Received Import Request.
  path: Assets/Tree.prefab
  artifactKey: Guid(a1dfa1d0aa9fb564a8196d6012390ec6) Importer(815301076,1909f56bfc062723c751e8b465ee728b)
Start importing Assets/Tree.prefab using Guid(a1dfa1d0aa9fb564a8196d6012390ec6) Importer(815301076,1909f56bfc062723c751e8b465ee728b)  -> (artifact id: '72ac6c5a18652f778469bf37fcf52135') in 0.386823 seconds
  Import took 0.390503 seconds .

========================================================================
Received Import Request.
  Time since last request: 2.543777 seconds.
  path: Assets/Tree_Textures
  artifactKey: Guid(f23644aa5fc7bbd4eb89e8f193c9f6fb) Importer(815301076,1909f56bfc062723c751e8b465ee728b)
Start importing Assets/Tree_Textures using Guid(f23644aa5fc7bbd4eb89e8f193c9f6fb) Importer(815301076,1909f56bfc062723c751e8b465ee728b)  -> (artifact id: 'd7f23529af7b3aacf799912f1ca131d6') in 0.005312 seconds
  Import took 0.010153 seconds .

========================================================================
Received Import Request.
  Time since last request: 0.004878 seconds.
  path: Assets/Tree_Textures
  artifactKey: Guid(f23644aa5fc7bbd4eb89e8f193c9f6fb) Importer(815301076,1909f56bfc062723c751e8b465ee728b)
Start importing Assets/Tree_Textures using Guid(f23644aa5fc7bbd4eb89e8f193c9f6fb) Importer(815301076,1909f56bfc062723c751e8b465ee728b)  -> (artifact id: 'd7f23529af7b3aacf799912f1ca131d6') in 0.002274 seconds
  Import took 0.006389 seconds .

========================================================================
Received Import Request.
  Time since last request: 8.715466 seconds.
  path: Assets/Prefabs/Test_Cube_Color_1.prefab
  artifactKey: Guid(13941620d347eb14f85877fd317e0aad) Importer(815301076,1909f56bfc062723c751e8b465ee728b)
Start importing Assets/Prefabs/Test_Cube_Color_1.prefab using Guid(13941620d347eb14f85877fd317e0aad) Importer(815301076,1909f56bfc062723c751e8b465ee728b)  -> (artifact id: '3c163addcbbaabeddb4116ec425eee61') in 0.015060 seconds
  Import took 0.019048 seconds .

========================================================================
Received Import Request.
  Time since last request: 0.000359 seconds.
  path: Assets/Prefabs/TestCube1.prefab
  artifactKey: Guid(834f2583c4647fe4bb483b5597f96cd8) Importer(815301076,1909f56bfc062723c751e8b465ee728b)
Start importing Assets/Prefabs/TestCube1.prefab using Guid(834f2583c4647fe4bb483b5597f96cd8) Importer(815301076,1909f56bfc062723c751e8b465ee728b)  -> (artifact id: '81705cfd95dffebc47927c66462d326e') in 0.015893 seconds
  Import took 0.018970 seconds .

========================================================================
Received Import Request.
  Time since last request: 0.000242 seconds.
  path: Assets/Prefabs/Test_Furniture_1.prefab
  artifactKey: Guid(4907c46205e86fb44b122a5fc494843c) Importer(815301076,1909f56bfc062723c751e8b465ee728b)
Start importing Assets/Prefabs/Test_Furniture_1.prefab using Guid(4907c46205e86fb44b122a5fc494843c) Importer(815301076,1909f56bfc062723c751e8b465ee728b)  -> (artifact id: 'f4267647d453c1534c3adfab624bdd0a') in 0.015227 seconds
  Import took 0.019008 seconds .

========================================================================
Received Import Request.
  Time since last request: 3.163989 seconds.
  path: Assets/Scenes/ТестКуб.png
  artifactKey: Guid(b37839821115f0d4c8d3eb9fbaadea7a) Importer(815301076,1909f56bfc062723c751e8b465ee728b)
Start importing Assets/Scenes/ТестКуб.png using Guid(b37839821115f0d4c8d3eb9fbaadea7a) Importer(815301076,1909f56bfc062723c751e8b465ee728b)  -> (artifact id: '07b97530cd68d433ad29be1fd2797dc8') in 0.042870 seconds
  Import took 0.046276 seconds .

========================================================================
Received Import Request.
  Time since last request: 0.000244 seconds.
  path: Assets/Scenes/Шкаф.png
  artifactKey: Guid(b78c11a0bd3e28a4aa3a9f22cde92ab4) Importer(815301076,1909f56bfc062723c751e8b465ee728b)
Start importing Assets/Scenes/Шкаф.png using Guid(b78c11a0bd3e28a4aa3a9f22cde92ab4) Importer(815301076,1909f56bfc062723c751e8b465ee728b)  -> (artifact id: '670148ce76bb8f5041ce9d1fb3720e94') in 0.017288 seconds
  Import took 0.020097 seconds .

AssetImportWorkerClient::OnTransportError - code=2 error=End of file
